[2022-07-04T20:55:38.947Z] Log level: Info
[2022-07-04T20:55:38.950Z] [info] Validating found git in: git
[2022-07-04T20:55:38.984Z] [info] Using git 2.25.1 from git
[2022-07-04T20:55:39.032Z] > git rev-parse --show-toplevel [34ms]
[2022-07-04T20:55:39.062Z] > git rev-parse --git-dir --git-common-dir [21ms]
[2022-07-04T20:55:39.070Z] [info] Open repository: /home/naseef
[2022-07-04T20:55:39.796Z] > git show --textconv :.gitignore [7ms]
[2022-07-04T20:55:39.799Z] > git ls-files --stage -- /home/naseef/.gitignore [4ms]
[2022-07-04T20:55:39.822Z] > git check-ignore -v -z --stdin [8ms]
[2022-07-04T20:55:41.039Z] > git status -z -uall [1960ms]
[2022-07-04T20:55:41.047Z] > git symbolic-ref --short HEAD [1ms]
[2022-07-04T20:55:41.054Z] > git for-each-ref --format=%(refname)%00%(upstream:short)%00%(objectname)%00%(upstream:track)%00%(upstream:remotename)%00%(upstream:remoteref) refs/heads/master refs/remotes/master [1ms]
[2022-07-04T20:55:41.067Z] > git remote --verbose [1ms]
[2022-07-04T20:55:41.068Z] > git for-each-ref --sort -committerdate --format %(refname) %(objectname) %(*objectname) [8ms]
[2022-07-04T20:55:41.081Z] > git config --get commit.template [1ms]
[2022-07-04T20:55:51.880Z] > git check-ignore -v -z --stdin [10ms]
[2022-07-04T20:55:59.855Z] > git status -z -uall [1933ms]
[2022-07-04T20:55:59.860Z] > git symbolic-ref --short HEAD [1ms]
[2022-07-04T20:55:59.864Z] > git for-each-ref --format=%(refname)%00%(upstream:short)%00%(objectname)%00%(upstream:track)%00%(upstream:remotename)%00%(upstream:remoteref) refs/heads/master refs/remotes/master [1ms]
[2022-07-04T20:55:59.873Z] > git remote --verbose [2ms]
[2022-07-04T20:55:59.873Z] > git for-each-ref --sort -committerdate --format %(refname) %(objectname) %(*objectname) [5ms]
[2022-07-04T20:55:59.881Z] > git config --get commit.template [1ms]
[2022-07-04T20:56:00.749Z] > git check-ignore -v -z --stdin [7ms]
[2022-07-04T20:56:02.828Z] > git check-ignore -v -z --stdin [9ms]
[2022-07-04T20:56:04.085Z] > git status -z -uall [2022ms]
[2022-07-04T20:56:04.092Z] > git symbolic-ref --short HEAD [1ms]
[2022-07-04T20:56:04.098Z] > git for-each-ref --format=%(refname)%00%(upstream:short)%00%(objectname)%00%(upstream:track)%00%(upstream:remotename)%00%(upstream:remoteref) refs/heads/master refs/remotes/master [1ms]
[2022-07-04T20:56:04.110Z] > git remote --verbose [1ms]
[2022-07-04T20:56:04.110Z] > git for-each-ref --sort -committerdate --format %(refname) %(objectname) %(*objectname) [6ms]
[2022-07-04T20:56:04.118Z] > git config --get commit.template [1ms]
[2022-07-04T20:56:18.568Z] > git status -z -uall [2041ms]
[2022-07-04T20:56:18.574Z] > git symbolic-ref --short HEAD [1ms]
[2022-07-04T20:56:18.580Z] > git for-each-ref --format=%(refname)%00%(upstream:short)%00%(objectname)%00%(upstream:track)%00%(upstream:remotename)%00%(upstream:remoteref) refs/heads/master refs/remotes/master [1ms]
[2022-07-04T20:56:18.591Z] > git remote --verbose [1ms]
[2022-07-04T20:56:18.592Z] > git for-each-ref --sort -committerdate --format %(refname) %(objectname) %(*objectname) [7ms]
[2022-07-04T20:56:18.602Z] > git config --get commit.template [2ms]
[2022-07-04T20:56:20.670Z] > git status -z -uall [2062ms]
[2022-07-04T20:56:20.679Z] > git symbolic-ref --short HEAD [2ms]
[2022-07-04T20:56:20.686Z] > git for-each-ref --format=%(refname)%00%(upstream:short)%00%(objectname)%00%(upstream:track)%00%(upstream:remotename)%00%(upstream:remoteref) refs/heads/master refs/remotes/master [1ms]
[2022-07-04T20:56:20.700Z] > git remote --verbose [1ms]
[2022-07-04T20:56:20.701Z] > git for-each-ref --sort -committerdate --format %(refname) %(objectname) %(*objectname) [9ms]
[2022-07-04T20:56:20.710Z] > git config --get commit.template [1ms]
[2022-07-04T20:56:26.927Z] > git check-ignore -v -z --stdin [5ms]
[2022-07-04T20:56:31.476Z] > git show --textconv HEAD:.wget-hsts [5ms]
[2022-07-04T20:56:31.477Z] > git ls-tree -l HEAD -- /home/naseef/.wget-hsts [2ms]
[2022-07-04T20:56:31.477Z] fatal: Not a valid object name HEAD
